[2015.09.12-07.44.47:792][  0]Log file open, 09/12/15 03:44:47
[2015.09.12-07.44.47:792][  0]LogInit:Display: Running engine for game: LeapExamples
[2015.09.12-07.44.47:792][  0]LogInit:Display: RandInit(-1384962102) SRandInit(-1384962102).
[2015.09.12-07.44.47:792][  0]LogTaskGraph: Started task graph with 4 named threads and 7 total threads.
[2015.09.12-07.44.47:792][  0]LogStats: Stats thread started at 0.071610
[2015.09.12-07.44.47:792][  0]LogInit: Version: 4.9.0-2672455+++depot+UE4-Releases+4.9
[2015.09.12-07.44.47:793][  0]LogInit: API Version: 2672455
[2015.09.12-07.44.47:793][  0]LogInit: Compiled (64-bit): Aug 28 2015 12:33:01
[2015.09.12-07.44.47:793][  0]LogInit: Compiled with Visual C++: 18.00.21005.01
[2015.09.12-07.44.47:793][  0]LogInit: Build Configuration: Development
[2015.09.12-07.44.47:793][  0]LogInit: Branch Name: ++depot+UE4-Releases+4.9
[2015.09.12-07.44.47:793][  0]LogInit: Command line: 
[2015.09.12-07.44.47:793][  0]LogInit: Base directory: D:/Program Files/Epic Games/4.9/Engine/Binaries/Win64/
[2015.09.12-07.44.47:793][  0]LogInit: Rocket: 1
[2015.09.12-07.44.47:798][  0]LogInit: Using libcurl 7.41.0
[2015.09.12-07.44.47:798][  0]LogInit:  - built for x86_64-pc-win32
[2015.09.12-07.44.47:798][  0]LogInit:  - supports SSL with WinSSL
[2015.09.12-07.44.47:798][  0]LogInit:  - other features:
[2015.09.12-07.44.47:798][  0]LogInit:      CURL_VERSION_SSL
[2015.09.12-07.44.47:798][  0]LogInit:      CURL_VERSION_IPV6
[2015.09.12-07.44.47:798][  0]LogInit:      CURL_VERSION_ASYNCHDNS
[2015.09.12-07.44.47:798][  0]LogInit:      CURL_VERSION_LARGEFILE
[2015.09.12-07.44.47:798][  0]LogInit:      CURL_VERSION_IDN
[2015.09.12-07.44.47:798][  0]LogInit:  CurlRequestOptions (configurable via config and command line):
[2015.09.12-07.44.47:798][  0]LogInit:  - bVerifyPeer = true  - Libcurl will verify peer certificate
[2015.09.12-07.44.47:798][  0]LogInit:  - bUseHttpProxy = false  - Libcurl will NOT use HTTP proxy
[2015.09.12-07.44.47:798][  0]LogInit:  - bDontReuseConnections = false  - Libcurl will reuse connections
[2015.09.12-07.44.47:798][  0]LogInit:  - CertBundlePath = nullptr  - Libcurl will use whatever was configured at build time.
[2015.09.12-07.44.47:803][  0]LogInit: Presizing for 0 objects not considered by GC, pre-allocating 0 bytes.
[2015.09.12-07.44.47:810][  0]LogInit: Object subsystem initialized
[2015.09.12-07.44.47:813][  0]LogConsoleManager:Warning: Console variable 'r.MSAA.CompositingSampleCount' wasn't set ('Scalability' has a lower priority than 'ProjectSetting')
[2015.09.12-07.44.47:813][  0]LogInit: Selected Device Profile: [Windows]
[2015.09.12-07.44.47:813][  0]LogInit: Applying CVar settings loaded from the selected device profile: [Windows]
[2015.09.12-07.44.47:820][  0]LogInit: Computer: UNSC
[2015.09.12-07.44.47:820][  0]LogInit: User: UNSC
[2015.09.12-07.44.47:820][  0]LogInit: CPU Page size=4096, Cores=4
[2015.09.12-07.44.47:820][  0]LogInit: High frequency timer resolution =2.435775 MHz
[2015.09.12-07.44.47:820][  0]LogMemory: Memory total: Physical=15.9GB (16GB approx)
[2015.09.12-07.44.47:820][  0]LogMemory: Platform Memory Stats for Windows
[2015.09.12-07.44.47:820][  0]LogMemory: Process Physical Memory: 51.98 MB used, 51.98 MB peak
[2015.09.12-07.44.47:820][  0]LogMemory: Process Virtual Memory: 54.04 MB used, 54.04 MB peak
[2015.09.12-07.44.47:820][  0]LogMemory: Physical Memory: 7266.91 MB used, 16302.47 MB total
[2015.09.12-07.44.47:820][  0]LogMemory: Virtual Memory: 352.42 MB used, 134217728.00 MB total
[2015.09.12-07.44.47:850][  0]LogTextLocalizationManager: No specific translations for ('en-US') exist, so ('en') translations will be used.
[2015.09.12-07.44.48:555][  0]LogD3D11RHI: Found D3D11 adapter 0: NVIDIA GeForce GTX 980M  (Feature Level 11_0)
[2015.09.12-07.44.48:555][  0]LogD3D11RHI: Adapter has 8064MB of dedicated video memory, 0MB of dedicated system memory, and 8151MB of shared system memory, 1 output[s]
[2015.09.12-07.44.48:561][  0]LogD3D11RHI: Found D3D11 adapter 1: Intel(R) HD Graphics 4600 (Feature Level 11_0)
[2015.09.12-07.44.48:561][  0]LogD3D11RHI: Adapter has 128MB of dedicated video memory, 0MB of dedicated system memory, and 1792MB of shared system memory, 0 output[s]
[2015.09.12-07.44.48:562][  0]LogD3D11RHI: Found D3D11 adapter 2: Microsoft Basic Render Driver (Feature Level 11_0)
[2015.09.12-07.44.48:562][  0]LogD3D11RHI: Adapter has 0MB of dedicated video memory, 0MB of dedicated system memory, and 256MB of shared system memory, 0 output[s]
[2015.09.12-07.44.48:562][  0]LogD3D11RHI: Chosen D3D11 Adapter Id = 0
[2015.09.12-07.44.48:568][  0]LogD3D11RHI: !Direct3DDevice
[2015.09.12-07.44.48:568][  0]LogRHI: Texture pool is 1361 MB (70% of 1945 MB)
[2015.09.12-07.44.48:583][  0]LogD3D11RHI: Async texture creation enabled
[2015.09.12-07.44.48:600][  0]LogShaderCompilers: Guid format shader working directory is 14 characters bigger than the processId version (../../../../../../Users/UNSC/Documents/Unreal Projects/LeapExamples 4.9/Intermediate/Shaders/WorkingDirectory/11008/).
[2015.09.12-07.44.48:600][  0]LogShaderCompilers: Cleaned the shader compiler working directory '../../../../../../Users/UNSC/Documents/Unreal Projects/LeapExamples 4.9/Intermediate/Shaders/tmp/863F1563407CF0176EBBF0881550CD34/'.
[2015.09.12-07.44.48:600][  0]LogShaderCompilers:Display: Using Local Shader Compiler.
[2015.09.12-07.44.49:598][  0]LogTemp:Display: Loaded TP AllDesktopTargetPlatform
[2015.09.12-07.44.49:602][  0]LogTemp:Display: Loaded TP WindowsClientTargetPlatform
[2015.09.12-07.44.49:605][  0]LogTemp:Display: Loaded TP WindowsNoEditorTargetPlatform
[2015.09.12-07.44.49:609][  0]LogTemp:Display: Loaded TP WindowsServerTargetPlatform
[2015.09.12-07.44.49:613][  0]LogTemp:Display: Loaded TP WindowsTargetPlatform
[2015.09.12-07.44.49:615][  0]LogTemp:Display: Loaded TP AndroidTargetPlatform
[2015.09.12-07.44.49:618][  0]LogTemp:Display: Loaded TP Android_ASTCTargetPlatform
[2015.09.12-07.44.49:620][  0]LogTemp:Display: Loaded TP Android_ATCTargetPlatform
[2015.09.12-07.44.49:623][  0]LogTemp:Display: Loaded TP Android_DXTTargetPlatform
[2015.09.12-07.44.49:626][  0]LogTemp:Display: Loaded TP Android_ETC1TargetPlatform
[2015.09.12-07.44.49:630][  0]LogTemp:Display: Loaded TP Android_ETC2TargetPlatform
[2015.09.12-07.44.49:633][  0]LogTemp:Display: Loaded TP Android_PVRTCTargetPlatform
[2015.09.12-07.44.49:633][  0]LogTemp:Display: Loaded TP HTML5TargetPlatform
[2015.09.12-07.44.49:649][  0]LogTemp:Display: Loaded TP IOSTargetPlatform
[2015.09.12-07.44.49:652][  0]LogTemp:Display: Loaded TP LinuxNoEditorTargetPlatform
[2015.09.12-07.44.49:655][  0]LogTemp:Display: Loaded TP LinuxServerTargetPlatform
[2015.09.12-07.44.49:658][  0]LogTemp:Display: Loaded TP LinuxTargetPlatform
[2015.09.12-07.44.49:658][  0]LogTargetPlatformManager:Display: Building Assets For Windows
[2015.09.12-07.44.49:715][  0]LogDerivedDataCache:Display: Max Cache Size: 512 MB
[2015.09.12-07.44.49:754][  0]LogDerivedDataCache: Loaded boot cache 0.04s 41MB C:/Users/UNSC/AppData/Local/UnrealEngine/4.9/DerivedDataCache/Boot.ddc.
[2015.09.12-07.44.49:754][  0]LogDerivedDataCache:Display: Loaded Boot cache: C:/Users/UNSC/AppData/Local/UnrealEngine/4.9/DerivedDataCache/Boot.ddc
[2015.09.12-07.44.49:754][  0]LogDerivedDataCache: FDerivedDataBackendGraph:  Pak pak cache file ../../../../../../Users/UNSC/Documents/Unreal Projects/LeapExamples 4.9/DerivedDataCache/DDC.ddp not found, will not use a pak cache.
[2015.09.12-07.44.49:754][  0]LogDerivedDataCache: Unable to find inner node Pak for hierarchical cache Hierarchy.
[2015.09.12-07.44.49:754][  0]LogDerivedDataCache: FDerivedDataBackendGraph:  CompressedPak pak cache file ../../../../../../Users/UNSC/Documents/Unreal Projects/LeapExamples 4.9/DerivedDataCache/Compressed.ddp not found, will not use a pak cache.
[2015.09.12-07.44.49:754][  0]LogDerivedDataCache: Unable to find inner node CompressedPak for hierarchical cache Hierarchy.
[2015.09.12-07.44.49:883][  0]LogDerivedDataCache:Display: Pak cache opened for reading ../../../Engine/DerivedDataCache/Compressed.ddp.
[2015.09.12-07.44.49:895][  0]LogDerivedDataCache: Using Local data cache path C:/Users/UNSC/AppData/Local/UnrealEngine/Common/DerivedDataCache: Writable
[2015.09.12-07.44.50:047][  0]LogInit: Selected Device Profile: [Windows]
[2015.09.12-07.44.50:049][  0]LogContentStreaming: Texture pool size is 0.000000MB
[2015.09.12-07.44.50:156][  0]LogMeshUtilities: No automatic mesh reduction module available
[2015.09.12-07.44.50:156][  0]LogMeshUtilities: No automatic mesh merging module available
[2015.09.12-07.44.50:369][  0]LogInit: WinSock: version 1.1 (2.2), MaxSocks=32767, MaxUdp=65467
[2015.09.12-07.44.51:086][  0]UdpMessaging: Initializing bridge on interface 0.0.0.0:0 to multicast group 230.0.0.1:6666.
[2015.09.12-07.44.51:175][  0]LogAssetRegistry: FAssetRegistry took 0.0105 seconds to start up
[2015.09.12-07.44.51:337][  0]SourceControl: Info Source control is disabled
[2015.09.12-07.44.51:345][  0]SourceControl: Info Source control is disabled
[2015.09.12-07.44.51:351][  0]SourceControl: Info Source control is disabled
[2015.09.12-07.44.51:357][  0]SourceControl: Info Source control is disabled
[2015.09.12-07.44.51:452][  0]LogLinker:Warning: Asset '../../../Engine/Plugins/Runtime/LeapMotionController/Content/LM_PassthroughMaterial.uasset' has been saved with empty engine version. The asset will be loaded but may be incompatible.
[2015.09.12-07.44.51:502][  0]LogObj: 28361 objects as part of root set at end of initial load.
[2015.09.12-07.44.51:502][  0]LogUObjectAllocator: 6038872 out of 0 bytes used by permanent object pool.
[2015.09.12-07.44.51:554][  0]LogEngine: Initializing Engine...
[2015.09.12-07.44.51:556][  0]LogHMD: Can't find Oculus library dev build: is proper Runtime installed? Version: 0.6.0.0
[2015.09.12-07.44.51:556][  0]LogHMD: SteamVR failed to initialize.  Err: 110
[2015.09.12-07.44.51:660][  0]LogAIModule: Creating AISystem for world NewWorld
[2015.09.12-07.44.51:666][  0]LogInit: XAudio2 using 'Speakers (Realtek High Definition Audio)' : 2 channels at 48 kHz using 32 bits per sample (channel mask 0x3)
[2015.09.12-07.44.51:683][  0]LogInit: FAudioDevice initialized.
[2015.09.12-07.44.51:705][  0]LogDerivedDataCache: Saved boot cache 0.02s 41MB C:/Users/UNSC/AppData/Local/UnrealEngine/4.9/DerivedDataCache/Boot.ddc.
[2015.09.12-07.44.51:709][  0]LogInit: Texture streaming: Enabled
[2015.09.12-07.44.51:712][  0]LogAnalytics: Creating configured Analytics provider AnalyticsET
[2015.09.12-07.44.51:712][  0]LogAnalytics: [UEEditor.Rocket.Release] APIServer = http://et2.epicgames.com/ET2/. AppVersion = 4.9.0-2672455+++depot+UE4-Releases+4.9
[2015.09.12-07.44.51:713][  0]LogAnalytics: [UEEditor.Rocket.Release] SetUserId 8c88475b487ea132c9659091e414b279|6233600c95b54714a742fc5b2438fa09|547b1aa8-fe4b-4503-acce-3705dd1fd048
[2015.09.12-07.44.51:713][  0]LogAnalytics: [UEEditor.Rocket.Release] AnalyticsET::StartSession
[2015.09.12-07.44.51:737][  0]LogInit: Transaction tracking system initialized
[2015.09.12-07.44.51:754][  0]BlueprintLog: New page: Editor Load
[2015.09.12-07.44.51:804][  0]LocalizationService: Info Localization service is disabled
[2015.09.12-07.44.52:135][  0]LogConsoleResponse:Display: 
[2015.09.12-07.44.52:230][  0]LogCook:Display: Done creating registry. It took  0.00s.
[2015.09.12-07.44.52:272][  0]LogFileCache: Scanning file cache for directory 'D:/Users/UNSC/Documents/Unreal Projects/LeapExamples 4.9/Content/' took 0.01s
[2015.09.12-07.44.52:272][  0]SourceControl: Info Source control is disabled
[2015.09.12-07.44.52:273][  0]Cmd: MAP LOAD FILE="../../../../../../Users/UNSC/Documents/Unreal Projects/LeapExamples 4.9/Content/Maps/CollisionsDemo.umap" TEMPLATE=0 SHOWPROGRESS=1 FEATURELEVEL=3
[2015.09.12-07.44.52:273][  0]LightingResults: New page: Lighting Build
[2015.09.12-07.44.52:275][  0]MapCheck: New page: Map Check
[2015.09.12-07.44.52:275][  0]LightingResults: New page: Lighting Build
[2015.09.12-07.44.52:284][  0]LogParticles: Destroying 0 GPU particle simulations for FXSystem 0x0000001E585E2160
[2015.09.12-07.44.52:542][  0]LogTexture:Display: Building textures: LightMapTexture2D_7 (DXT1)
[2015.09.12-07.44.52:607][  0]LogAIModule: Creating AISystem for world CollisionsDemo
[2015.09.12-07.44.52:612][  0]LogEditorServer: Finished looking for orphan Actors (0.000 secs)
[2015.09.12-07.44.52:615][  0]Cmd: MAP CHECKDEP NOCLEARLOG
[2015.09.12-07.44.52:648][  0]MapCheck: Info Map check complete: 0 Error(s), 0 Warning(s), took 32.78ms to complete.
[2015.09.12-07.44.52:648][  0]LogFileHelpers: Loading map 'CollisionsDemo' took 0.375
[2015.09.12-07.44.52:758][  0]LogCollectionManager: Loaded 0 collections in 0.001029 seconds
[2015.09.12-07.44.52:823][  0]LogFileCache: Scanning file cache for directory 'D:/Users/UNSC/Documents/Unreal Projects/LeapExamples 4.9/Saved/Collections/' took 0.01s
[2015.09.12-07.44.52:823][  0]LogFileCache: Scanning file cache for directory 'D:/Users/UNSC/Documents/Unreal Projects/LeapExamples 4.9/Content/Developers/UNSC/Collections/' took 0.01s
[2015.09.12-07.44.52:823][  0]LogFileCache: Scanning file cache for directory 'D:/Users/UNSC/Documents/Unreal Projects/LeapExamples 4.9/Content/Collections/' took 0.01s
[2015.09.12-07.44.52:823][  0]LogContentBrowser: Native class hierarchy populated in 0.0110 seconds. Added 1867 classes and 333 folders.
[2015.09.12-07.44.52:827][  0]LogCollectionManager: Rebuilt the GUID cache for 0 collections in 0.000003 seconds
[2015.09.12-07.44.52:834][  0]LogContentBrowser: Native class hierarchy updated for 'WidgetCarousel' in 0.0004 seconds. Added 0 classes and 0 folders.
[2015.09.12-07.44.52:869][  0]LogContentBrowser: Native class hierarchy updated for 'AddContentDialog' in 0.0003 seconds. Added 0 classes and 0 folders.
[2015.09.12-07.44.52:872][  0]LogContentBrowser: Native class hierarchy updated for 'SceneOutliner' in 0.0003 seconds. Added 1 classes and 2 folders.
[2015.09.12-07.44.52:891][  0]LogCrashTracker: Crashtracker disabled due to settings.
[2015.09.12-07.44.52:896][  0]LogUObjectGlobals:Warning: Failed to find object 'Class None.'
[2015.09.12-07.44.52:920][  0]LogLoad: Full Startup: 5.57 seconds (BP compile: 0.04 seconds)
[2015.09.12-07.44.52:975][  0]LogContentStreaming: Texture pool size now 400 MB
[2015.09.12-07.44.53:101][  0]LogRenderer: Reallocating scene render targets to support 1208x576 (Frame:2).
[2015.09.12-07.44.53:261][  4]LogAssetRegistry: Asset discovery search completed in 2.0971 seconds
[2015.09.12-07.44.53:261][  4]LogCollectionManager: Rebuilt the object cache for 0 collections in 0.000001 seconds (found 0 objects)
[2015.09.12-07.44.53:261][  4]LogCollectionManager: Fixed up redirectors for 0 collections in 0.000027 seconds (updated 0 objects)
[2015.09.12-07.44.55:818][153]LogPlayLevel: PlayLevel: No blueprints needed recompiling
[2015.09.12-07.44.55:819][153]PIE: New page: PIE session: CollisionsDemo (Sep 11, 2015, 11:44:55 PM)
[2015.09.12-07.44.55:819][153]LogPlayLevel: Creating play world package: /Game/Maps/UEDPIE_0_CollisionsDemo
[2015.09.12-07.44.55:823][153]LogPlayLevel: PIE: StaticDuplicateObject took: (0.004559s)
[2015.09.12-07.44.55:824][153]LogAIModule: Creating AISystem for world CollisionsDemo
[2015.09.12-07.44.55:824][153]LogPlayLevel: PIE: World Init took: (0.000712s)
[2015.09.12-07.44.55:824][153]LogPlayLevel: PIE: Created PIE world by copying editor world from /Game/Maps/CollisionsDemo.CollisionsDemo to /Game/Maps/UEDPIE_0_CollisionsDemo.CollisionsDemo (0.005636s)
[2015.09.12-07.44.55:843][153]LogInit: XAudio2 using 'Speakers (Realtek High Definition Audio)' : 2 channels at 48 kHz using 32 bits per sample (channel mask 0x3)
[2015.09.12-07.44.55:849][153]LogInit: FAudioDevice initialized.
[2015.09.12-07.44.55:896][153]LogWorld: Game class is 'GameMode'
[2015.09.12-07.44.55:902][153]LogWorld: Bringing World /Game/Maps/UEDPIE_0_CollisionsDemo.CollisionsDemo up for play (max tick rate 60) at 2015.09.12-03.44.55
[2015.09.12-07.44.55:902][153]LogActor:Warning: GameSession /Game/Maps/UEDPIE_0_CollisionsDemo.CollisionsDemo:PersistentLevel.GameSession_0 has natively added scene component(s), but none of them were set as the actor's RootComponent - picking one arbitrarily
[2015.09.12-07.44.55:902][153]LogActor:Warning: GameNetworkManager /Game/Maps/UEDPIE_0_CollisionsDemo.CollisionsDemo:PersistentLevel.GameNetworkManager_0 has natively added scene component(s), but none of them were set as the actor's RootComponent - picking one arbitrarily
[2015.09.12-07.44.55:903][153]LogWorld: Bringing up level for play took: 0.005788
[2015.09.12-07.44.56:062][153]PIE: Info Play in editor start time for /Game/Maps/UEDPIE_0_CollisionsDemo 0.378
[2015.09.12-07.47.22:279][862]LogParticles: Destroying 0 GPU particle simulations for FXSystem 0x0000001E67D56F20
[2015.09.12-07.47.46:262][266]Cmd: STAT FPS
[2015.09.12-07.47.52:427][624]Cmd: STAT FPS
[2015.09.12-07.47.55:472][790]MapCheck: New page: Map Check
[2015.09.12-07.47.55:570][790]Cmd: MAP REBUILD ALLVISIBLE
[2015.09.12-07.47.55:579][790]LogEditorServer: Rebuildmap Clear paths rebuilt
[2015.09.12-07.47.55:653][790]MapCheck:Warning: Warning WorldSettings_1 Hierarchical LOD System is disabled or no HLOD level settings available, unable to build LOD actors. 
[2015.09.12-07.47.55:653][790]LogStats:          STAT_HLOD_BuildClusters - 10.379 ms
[2015.09.12-07.47.55:667][790]LightingResults: New page: Lighting Build - Sep 11, 2015, 11:47:55 PM
[2015.09.12-07.47.57:501][790]LogStaticLightingSystem:Warning: No importance volume found, so the scene bounding box was used.  You can optimize your scene's quality and lighting build times by adding importance volumes.
[2015.09.12-07.47.57:502][790]LogStaticLightingSystem: Running Lightmass w/ ImmediateImport mode ENABLED
[2015.09.12-07.47.57:502][790]LogStaticLightingSystem: Running Lightmass w/ ImmediateProcess mode ENABLED
[2015.09.12-07.47.57:502][790]LogStaticLightingSystem: Running Lightmass w/ Sorting mode ENABLED
[2015.09.12-07.47.57:502][790]LogStaticLightingSystem: Running Lightmass w/ Mapping paddings ENABLED
[2015.09.12-07.47.57:502][790]LogStaticLightingSystem: Running Lightmass w/ Mapping debug paddings DISABLED
[2015.09.12-07.47.57:738][790]LogEditorBuildUtils: Build time 0:00:02
[2015.09.12-07.47.57:767][790]LogMaterial: Missing cached shader map for material FLightmassMaterialRenderer DefaultMaterial, compiling. 
[2015.09.12-07.47.57:854][790]LogMaterial: Missing cached shader map for material FLightmassMaterialRenderer DefaultMaterial, compiling. 
[2015.09.12-07.47.57:907][791]LogMaterial: Missing cached shader map for material FLightmassMaterialRenderer MaterialInstanceDynamic_27, compiling. 
[2015.09.12-07.47.57:910][791]LogMaterial: Missing cached shader map for material FLightmassMaterialRenderer MaterialInstanceDynamic_27, compiling. 
[2015.09.12-07.47.57:918][791]LogMaterial: Missing cached shader map for material FLightmassMaterialRenderer WorldGridMaterial, compiling. Is special engine material.
[2015.09.12-07.47.57:923][791]LogMaterial: Missing cached shader map for material FLightmassMaterialRenderer WorldGridMaterial, compiling. Is special engine material.
[2015.09.12-07.48.01:698][843]Job is a success!
[2015.09.12-07.48.01:837][844]LogTexture:Display: Building textures: HQ_Lightmap0_1 (AutoDXT)
[2015.09.12-07.48.01:840][844]LogTexture:Display: Building textures: LQ_Lightmap_0_2 (DXT1)
[2015.09.12-07.48.01:840][844]LogTexture:Display: Building textures: HQ_Lightmap0_2 (AutoDXT)
[2015.09.12-07.48.01:841][844]LogTexture:Display: Building textures: LQ_Lightmap_0_1 (DXT1)
[2015.09.12-07.48.01:865][844]LogTexture:Display: Building textures: ShadowMapTexture2D_0 (G8)
[2015.09.12-07.48.01:867][844]LogTexture:Display: Building textures: ShadowMapTexture2D_1 (G8)
[2015.09.12-07.48.01:899][844]Lightmass on UNSC: 850 ms total, 134 ms importing, 0 ms setup, 282 ms photons, 425 ms processing, 0 ms extra exporting [2/2 mappings]. Threads: 2.81 sec total, 231 ms processing.
[2015.09.12-07.48.01:990][844]LogStaticLightingSystem: Illumination: 6.25 sec (37 ms encoding lightmaps)
[2015.09.12-07.48.01:990][844]LogStaticLightingSystem: Lightmap texture memory:  0.1 MB (0.1 MB streaming, 0.0 MB non-streaming), 4 textures
[2015.09.12-07.48.01:990][844]LogStaticLightingSystem: Shadowmap texture memory: 0.0 MB (0.0 MB streaming, 0.0 MB non-streaming), 2 textures
[2015.09.12-07.48.02:502][845]Cmd: MAP CHECK NOTIFYRESULTS
[2015.09.12-07.48.02:502][845]MapCheck: New page: CollisionsDemo - Sep 11, 2015, 11:48:02 PM
[2015.09.12-07.48.02:581][845]MapCheck: Info Map check complete: 0 Error(s), 0 Warning(s), took 78.703ms to complete.
[2015.09.12-07.48.05:812][ 35]LogPlayLevel: PlayLevel: No blueprints needed recompiling
[2015.09.12-07.48.05:812][ 35]PIE: New page: PIE session: CollisionsDemo (Sep 11, 2015, 11:48:05 PM)
[2015.09.12-07.48.05:812][ 35]LogPlayLevel: Creating play world package: /Game/Maps/UEDPIE_0_CollisionsDemo
[2015.09.12-07.48.05:817][ 35]LogPlayLevel: PIE: StaticDuplicateObject took: (0.004872s)
[2015.09.12-07.48.05:819][ 35]LogAIModule: Creating AISystem for world CollisionsDemo
[2015.09.12-07.48.05:819][ 35]LogPlayLevel: PIE: World Init took: (0.001769s)
[2015.09.12-07.48.05:819][ 35]LogPlayLevel: PIE: Created PIE world by copying editor world from /Game/Maps/CollisionsDemo.CollisionsDemo to /Game/Maps/UEDPIE_0_CollisionsDemo.CollisionsDemo (0.006829s)
[2015.09.12-07.48.05:833][ 35]LogInit: XAudio2 using 'Speakers (Realtek High Definition Audio)' : 2 channels at 48 kHz using 32 bits per sample (channel mask 0x3)
[2015.09.12-07.48.05:841][ 35]LogInit: FAudioDevice initialized.
[2015.09.12-07.48.05:878][ 35]LogWorld: Game class is 'GameMode'
[2015.09.12-07.48.05:885][ 35]LogWorld: Bringing World /Game/Maps/UEDPIE_0_CollisionsDemo.CollisionsDemo up for play (max tick rate 60) at 2015.09.12-03.48.05
[2015.09.12-07.48.05:885][ 35]LogActor:Warning: GameSession /Game/Maps/UEDPIE_0_CollisionsDemo.CollisionsDemo:PersistentLevel.GameSession_1 has natively added scene component(s), but none of them were set as the actor's RootComponent - picking one arbitrarily
[2015.09.12-07.48.05:885][ 35]LogActor:Warning: GameNetworkManager /Game/Maps/UEDPIE_0_CollisionsDemo.CollisionsDemo:PersistentLevel.GameNetworkManager_1 has natively added scene component(s), but none of them were set as the actor's RootComponent - picking one arbitrarily
[2015.09.12-07.48.05:886][ 35]LogWorld: Bringing up level for play took: 0.006273
[2015.09.12-07.48.05:944][ 35]PIE: Info Play in editor start time for /Game/Maps/UEDPIE_0_CollisionsDemo 0.259
[2015.09.12-07.48.40:023][ 67]LogParticles: Destroying 0 GPU particle simulations for FXSystem 0x0000001E488F9620
[2015.09.12-07.48.41:952][180]LogEditorViewport: Clicking on Actor (LMB): PlayerStart (Player Start)
[2015.09.12-07.49.10:819][800]LogNavigationPoint: PostEditMove Clear paths rebuilt
[2015.09.12-07.49.11:601][844]LogPlayLevel: PlayLevel: No blueprints needed recompiling
[2015.09.12-07.49.11:601][844]PIE: New page: PIE session: CollisionsDemo (Sep 11, 2015, 11:49:11 PM)
[2015.09.12-07.49.11:601][844]LogPlayLevel: Creating play world package: /Game/Maps/UEDPIE_0_CollisionsDemo
[2015.09.12-07.49.11:606][844]LogPlayLevel: PIE: StaticDuplicateObject took: (0.004834s)
[2015.09.12-07.49.11:607][844]LogAIModule: Creating AISystem for world CollisionsDemo
[2015.09.12-07.49.11:607][844]LogPlayLevel: PIE: World Init took: (0.000982s)
[2015.09.12-07.49.11:607][844]LogPlayLevel: PIE: Created PIE world by copying editor world from /Game/Maps/CollisionsDemo.CollisionsDemo to /Game/Maps/UEDPIE_0_CollisionsDemo.CollisionsDemo (0.006050s)
[2015.09.12-07.49.11:622][844]LogInit: XAudio2 using 'Speakers (Realtek High Definition Audio)' : 2 channels at 48 kHz using 32 bits per sample (channel mask 0x3)
[2015.09.12-07.49.11:629][844]LogInit: FAudioDevice initialized.
[2015.09.12-07.49.11:662][844]LogWorld: Game class is 'GameMode'
[2015.09.12-07.49.11:669][844]LogWorld: Bringing World /Game/Maps/UEDPIE_0_CollisionsDemo.CollisionsDemo up for play (max tick rate 60) at 2015.09.12-03.49.11
[2015.09.12-07.49.11:669][844]LogActor:Warning: GameSession /Game/Maps/UEDPIE_0_CollisionsDemo.CollisionsDemo:PersistentLevel.GameSession_2 has natively added scene component(s), but none of them were set as the actor's RootComponent - picking one arbitrarily
[2015.09.12-07.49.11:669][844]LogActor:Warning: GameNetworkManager /Game/Maps/UEDPIE_0_CollisionsDemo.CollisionsDemo:PersistentLevel.GameNetworkManager_2 has natively added scene component(s), but none of them were set as the actor's RootComponent - picking one arbitrarily
[2015.09.12-07.49.11:669][844]LogWorld: Bringing up level for play took: 0.006278
[2015.09.12-07.49.11:671][844]PIE: Info Play in editor start time for /Game/Maps/UEDPIE_0_CollisionsDemo -0.015
[2015.09.12-07.49.24:252][590]LogParticles: Destroying 0 GPU particle simulations for FXSystem 0x0000001E56D5B4C0
[2015.09.12-07.49.51:137][171]LogBlueprint:Warning: Loaded invalid component bound event in node /Game/Demo/LM_DemoControllerActor.LM_DemoControllerActor:EventGraph.K2Node_ComponentBoundEvent_1.
[2015.09.12-07.49.51:137][171]LogBlueprint:Warning: Loaded invalid component bound event in node /Game/Demo/LM_DemoControllerActor.LM_DemoControllerActor:EventGraph.K2Node_ComponentBoundEvent_4.
[2015.09.12-07.49.51:158][171]LogBlueprint:Error: [compiler LM_DemoControllerActor] Error Event node  OnHandRemoved (LeapMotionControllerComponent)  is out-of-date.  Please refresh it.
[2015.09.12-07.49.51:159][171]LogBlueprint:Error: [compiler LM_DemoControllerActor] Error Event node  OnHandAdded (LeapMotionControllerComponent)  is out-of-date.  Please refresh it.
[2015.09.12-07.49.51:174][171]LogBlueprint:Warning: [compiler LM_DemoControllerActor] Warning [0303.81] Compile of LM_DemoControllerActor failed. 2 Fatal Issue(s) 0 Warning(s) [in 24 ms]
[2015.09.12-07.49.51:174][171]LogBlueprint:Warning: [compiler LM_DemoControllerActor] Warning [0303.82] Compile of LM_DemoControllerActor failed. 2 Fatal Issue(s) 1 Warning(s) [in 0 ms]
[2015.09.12-07.49.51:174][171]LogBlueprint:Warning: [compiler LM_DemoControllerActor] Warning [0303.82] Compile of LM_DemoControllerActor failed. 2 Fatal Issue(s) 2 Warning(s) [in 0 ms]
[2015.09.12-07.49.51:334][171]LogLinker:Warning: Asset '../../../Engine/Content/ArtTools/RenderToTexture/Macros/RenderToTextureMacros.uasset' has been saved with empty engine version. The asset will be loaded but may be incompatible.
[2015.09.12-07.49.52:138][171]LogContentBrowser: Native class hierarchy updated for 'BlueprintGraph' in 0.0073 seconds. Added 107 classes and 0 folders.
[2015.09.12-07.50.26:950][ 95]LogPlayLevel: PlayLevel: No blueprints needed recompiling
[2015.09.12-07.50.31:891][157]Cmd: DELETE
[2015.09.12-07.50.31:891][157]Cmd: ACTOR DELETE
[2015.09.12-07.50.31:971][157]LogEditorActor: Deleted Actor: LM_DemoBoneActor_C
[2015.09.12-07.50.32:003][157]LogParticles: Destroying 0 GPU particle simulations for FXSystem 0x0000001E504A8860
[2015.09.12-07.50.32:004][157]LogParticles: Destroying 0 GPU particle simulations for FXSystem 0x0000001E242EE7A0
[2015.09.12-07.50.32:009][157]LogEditorActor: Deleted 1 Actors (0.039 secs)
[2015.09.12-07.50.32:777][203]LogPlayLevel: PlayLevel: No blueprints needed recompiling
[2015.09.12-07.50.45:063][537]LogWindowsTextInputMethodSystem:Display: IME system now deactivated.
[2015.09.12-07.50.45:338][538]Cmd: QUIT_EDITOR
[2015.09.12-07.50.45:763][538]LogExit: Preparing to exit.
[2015.09.12-07.50.46:402][538]LogExit: Editor shut down
[2015.09.12-07.50.46:403][538]LogExit: Transaction tracking system shut down
[2015.09.12-07.50.46:404][538]LogParticles: Destroying 0 GPU particle simulations for FXSystem 0x0000001E4B13EDE0
[2015.09.12-07.50.46:404][538]LogParticles: Destroying 0 GPU particle simulations for FXSystem 0x0000001E6804BCE0
[2015.09.12-07.50.46:404][538]LogParticles: Destroying 0 GPU particle simulations for FXSystem 0x0000001E504AA3E0
[2015.09.12-07.50.46:405][538]LogParticles: Destroying 0 GPU particle simulations for FXSystem 0x0000001E504AA5C0
[2015.09.12-07.50.46:406][538]LogParticles: Destroying 0 GPU particle simulations for FXSystem 0x0000001E25189120
[2015.09.12-07.50.46:557][538]LogExit: Object subsystem successfully closed.
[2015.09.12-07.50.46:572][538]LogD3D11RHI: Shutdown
[2015.09.12-07.50.46:572][538]LogD3D11RHI: CleanupD3DDevice
[2015.09.12-07.50.46:609][538]LogD3D11RHI: ~FD3D11DynamicRHI
[2015.09.12-07.50.46:623][538]LogModuleManager: Shutting down and abandoning module BlueprintGraph (198)
[2015.09.12-07.50.46:623][538]LogModuleManager: Shutting down and abandoning module CrashTracker (197)
[2015.09.12-07.50.46:623][538]LogModuleManager: Shutting down and abandoning module SceneOutliner (196)
[2015.09.12-07.50.46:623][538]LogModuleManager: Shutting down and abandoning module SuperSearch (195)
[2015.09.12-07.50.46:623][538]LogModuleManager: Shutting down and abandoning module WidgetCarousel (194)
[2015.09.12-07.50.46:623][538]LogModuleManager: Shutting down and abandoning module AddContentDialog (193)
[2015.09.12-07.50.46:623][538]LogModuleManager: Shutting down and abandoning module EditorWidgets (192)
[2015.09.12-07.50.46:623][538]LogModuleManager: Shutting down and abandoning module CollectionManager (191)
[2015.09.12-07.50.46:624][538]LogModuleManager: Shutting down and abandoning module StatsViewer (190)
[2015.09.12-07.50.46:624][538]LogModuleManager: Shutting down and abandoning module FoliageEdit (189)
[2015.09.12-07.50.46:624][538]LogModuleManager: Shutting down and abandoning module LandscapeEditor (188)
[2015.09.12-07.50.46:624][538]LogModuleManager: Shutting down and abandoning module ActorPickerMode (187)
[2015.09.12-07.50.46:624][538]LogModuleManager: Shutting down and abandoning module GeometryMode (186)
[2015.09.12-07.50.46:624][538]LogModuleManager: Shutting down and abandoning module TextureAlignMode (185)
[2015.09.12-07.50.46:624][538]LogModuleManager: Shutting down and abandoning module BspMode (184)
[2015.09.12-07.50.46:624][538]LogModuleManager: Shutting down and abandoning module PlacementMode (183)
[2015.09.12-07.50.46:624][538]LogModuleManager: Shutting down and abandoning module AutomationWorker (182)
[2015.09.12-07.50.46:624][538]LogModuleManager: Shutting down and abandoning module CharacterAI (181)
[2015.09.12-07.50.46:624][538]LogModuleManager: Shutting down and abandoning module SmartSnapping (180)
[2015.09.12-07.50.46:624][538]LogModuleManager: Shutting down and abandoning module ViewportSnapping (179)
[2015.09.12-07.50.46:624][538]LogModuleManager: Shutting down and abandoning module LogVisualizer (178)
[2015.09.12-07.50.46:624][538]LogModuleManager: Shutting down and abandoning module GameProjectGeneration (177)
[2015.09.12-07.50.46:624][538]LogModuleManager: Shutting down and abandoning module IntroTutorials (176)
[2015.09.12-07.50.46:624][538]LogModuleManager: Shutting down and abandoning module EditorLiveStreaming (175)
[2015.09.12-07.50.46:624][538]LogModuleManager: Shutting down and abandoning module IOSPlatformEditor (174)
[2015.09.12-07.50.46:624][538]LogModuleManager: Shutting down and abandoning module HTML5PlatformEditor (173)
[2015.09.12-07.50.46:624][538]LogModuleManager: Shutting down and abandoning module AndroidDeviceDetection (172)
[2015.09.12-07.50.47:059][538]LogModuleManager: Shutting down and abandoning module AndroidPlatformEditor (171)
[2015.09.12-07.50.47:059][538]LogModuleManager: Shutting down and abandoning module IOSRuntimeSettings (170)
[2015.09.12-07.50.47:059][538]LogModuleManager: Shutting down and abandoning module AndroidRuntimeSettings (169)
[2015.09.12-07.50.47:059][538]LogModuleManager: Shutting down and abandoning module MergeActors (168)
[2015.09.12-07.50.47:059][538]LogModuleManager: Shutting down and abandoning module SizeMap (167)
[2015.09.12-07.50.47:059][538]LogModuleManager: Shutting down and abandoning module TreeMap (166)
[2015.09.12-07.50.47:059][538]LogModuleManager: Shutting down and abandoning module ReferenceViewer (165)
[2015.09.12-07.50.47:059][538]LogModuleManager: Shutting down and abandoning module LocalizationService (164)
[2015.09.12-07.50.47:059][538]LogModuleManager: Shutting down and abandoning module LocalizationDashboard (163)
[2015.09.12-07.50.47:059][538]LogModuleManager: Shutting down and abandoning module HardwareTargeting (162)
[2015.09.12-07.50.47:059][538]LogModuleManager: Shutting down and abandoning module DeviceProfileEditor (161)
[2015.09.12-07.50.47:059][538]LogModuleManager: Shutting down and abandoning module UndoHistory (160)
[2015.09.12-07.50.47:059][538]LogModuleManager: Shutting down and abandoning module GameplayTagsEditor (159)
[2015.09.12-07.50.47:059][538]LogModuleManager: Shutting down and abandoning module UserFeedback (158)
[2015.09.12-07.50.47:059][538]LogModuleManager: Shutting down and abandoning module XmlParser (157)
[2015.09.12-07.50.47:059][538]LogModuleManager: Shutting down and abandoning module Blutility (156)
[2015.09.12-07.50.47:059][538]LogModuleManager: Shutting down and abandoning module ProjectTargetPlatformEditor (155)
[2015.09.12-07.50.47:059][538]LogModuleManager: Shutting down and abandoning module ProjectSettingsViewer (154)
[2015.09.12-07.50.47:059][538]LogModuleManager: Shutting down and abandoning module InputBindingEditor (153)
[2015.09.12-07.50.47:059][538]LogModuleManager: Shutting down and abandoning module EditorSettingsViewer (152)
[2015.09.12-07.50.47:059][538]LogModuleManager: Shutting down and abandoning module SettingsEditor (151)
[2015.09.12-07.50.47:059][538]LogModuleManager: Shutting down and abandoning module ProjectLauncher (150)
[2015.09.12-07.50.47:059][538]LogModuleManager: Shutting down and abandoning module SessionFrontend (149)
[2015.09.12-07.50.47:059][538]LogModuleManager: Shutting down and abandoning module ProfilerClient (148)
[2015.09.12-07.50.47:059][538]LogModuleManager: Shutting down and abandoning module TargetDeviceServices (147)
[2015.09.12-07.50.47:059][538]LogModuleManager: Shutting down and abandoning module DeviceManager (146)
[2015.09.12-07.50.47:059][538]LogModuleManager: Shutting down and abandoning module AutomationController (145)
[2015.09.12-07.50.47:059][538]LogModuleManager: Shutting down and abandoning module AutomationWindow (144)
[2015.09.12-07.50.47:059][538]LogModuleManager: Shutting down and abandoning module Layers (143)
[2015.09.12-07.50.47:060][538]LogModuleManager: Shutting down and abandoning module ComponentVisualizers (142)
[2015.09.12-07.50.47:060][538]LogModuleManager: Shutting down and abandoning module DetailCustomizations (141)
[2015.09.12-07.50.47:060][538]LogModuleManager: Shutting down and abandoning module PackagesDialog (140)
[2015.09.12-07.50.47:060][538]LogModuleManager: Shutting down and abandoning module Persona (139)
[2015.09.12-07.50.47:060][538]LogModuleManager: Shutting down and abandoning module Kismet (138)
[2015.09.12-07.50.47:060][538]LogModuleManager: Shutting down and abandoning module GraphEditor (137)
[2015.09.12-07.50.47:060][538]LogModuleManager: Shutting down and abandoning module ClassViewer (136)
[2015.09.12-07.50.47:060][538]LogModuleManager: Shutting down and abandoning module Toolbox (135)
[2015.09.12-07.50.47:060][538]LogModuleManager: Shutting down and abandoning module ModuleUI (134)
[2015.09.12-07.50.47:060][538]LogModuleManager: Shutting down and abandoning module MovieSceneTools (133)
[2015.09.12-07.50.47:060][538]LogModuleManager: Shutting down and abandoning module OutputLog (132)
[2015.09.12-07.50.47:103][538]LogModuleManager: Shutting down and abandoning module GammaUI (131)
[2015.09.12-07.50.47:103][538]LogModuleManager: Shutting down and abandoning module Documentation (130)
[2015.09.12-07.50.47:103][538]LogModuleManager: Shutting down and abandoning module GameLiveStreaming (129)
[2015.09.12-07.50.47:103][538]LogModuleManager: Shutting down and abandoning module StreamingPauseRendering (128)
[2015.09.12-07.50.47:103][538]LogModuleManager: Shutting down and abandoning module AnalyticsET (127)
[2015.09.12-07.50.47:103][538]LogModuleManager: Shutting down and abandoning module Analytics (126)
[2015.09.12-07.50.47:103][538]LogModuleManager: Shutting down and abandoning module AITestSuite (125)
[2015.09.12-07.50.47:103][538]LogModuleManager: Shutting down and abandoning module GameplayDebugger (124)
[2015.09.12-07.50.47:103][538]LogModuleManager: Shutting down and abandoning module AIModule (123)
[2015.09.12-07.50.47:103][538]LogModuleManager: Shutting down and abandoning module ProfilerService (122)
[2015.09.12-07.50.47:120][538]LogModuleManager: Shutting down and abandoning module TaskGraph (121)
[2015.09.12-07.50.47:120][538]LogModuleManager: Shutting down and abandoning module SlateRemote (120)
[2015.09.12-07.50.47:120][538]LogModuleManager: Shutting down and abandoning module SteamVRController (119)
[2015.09.12-07.50.47:120][538]LogModuleManager: Shutting down and abandoning module SteamVR (118)
[2015.09.12-07.50.47:120][538]LogModuleManager: Shutting down and abandoning module ProceduralMeshComponent (117)
[2015.09.12-07.50.47:120][538]LogModuleManager: Shutting down and abandoning module OculusRift (116)
[2015.09.12-07.50.47:120][538]LogModuleManager: Shutting down and abandoning module OculusLibrary (115)
[2015.09.12-07.50.47:120][538]LogModuleManager: Shutting down and abandoning module LeapMotionController (114)
[2015.09.12-07.50.47:139][538]LogModuleManager: Shutting down and abandoning module CustomMeshComponent (113)
[2015.09.12-07.50.47:139][538]LogModuleManager: Shutting down and abandoning module CableComponent (112)
[2015.09.12-07.50.47:139][538]LogModuleManager: Shutting down and abandoning module ArchVisCharacter (111)
[2015.09.12-07.50.47:139][538]LogModuleManager: Shutting down and abandoning module MessagingDebugger (110)
[2015.09.12-07.50.47:139][538]LogModuleManager: Shutting down and abandoning module MediaPlayerEditor (109)
[2015.09.12-07.50.47:139][538]LogModuleManager: Shutting down and abandoning module HTML5Networking (108)
[2015.09.12-07.50.47:139][538]LogModuleManager: Shutting down and abandoning module SpeedTreeImporter (107)
[2015.09.12-07.50.47:139][538]LogModuleManager: Shutting down and abandoning module PluginBrowser (106)
[2015.09.12-07.50.47:139][538]LogModuleManager: Shutting down and abandoning module EpicSurvey (105)
[2015.09.12-07.50.47:139][538]LogModuleManager: Shutting down and abandoning module DesktopPlatform (104)
[2015.09.12-07.50.47:140][538]LogModuleManager: Shutting down and abandoning module VisualStudioSourceCodeAccess (103)
[2015.09.12-07.50.47:140][538]LogModuleManager: Shutting down and abandoning module UObjectPlugin (102)
[2015.09.12-07.50.47:140][538]LogModuleManager: Shutting down and abandoning module SubversionSourceControl (101)
[2015.09.12-07.50.47:140][538]LogModuleManager: Shutting down and abandoning module PerforceSourceControl (100)
[2015.09.12-07.50.47:140][538]LogModuleManager: Shutting down and abandoning module SourceControl (99)
[2015.09.12-07.50.47:140][538]LogModuleManager: Shutting down and abandoning module GitSourceControl (98)
[2015.09.12-07.50.47:140][538]LogModuleManager: Shutting down and abandoning module LightPropagationVolumeEditor (97)
[2015.09.12-07.50.47:140][538]LogModuleManager: Shutting down and abandoning module PaperTiledImporter (96)
[2015.09.12-07.50.47:140][538]LogModuleManager: Shutting down and abandoning module PaperSpriteSheetImporter (95)
[2015.09.12-07.50.47:140][538]LogModuleManager: Shutting down and abandoning module MeshPaint (94)
[2015.09.12-07.50.47:140][538]LogModuleManager: Shutting down and abandoning module SlateReflector (93)
[2015.09.12-07.50.47:140][538]LogModuleManager: Shutting down and abandoning module HotReload (92)
[2015.09.12-07.50.47:140][538]LogModuleManager: Shutting down and abandoning module MainFrame (91)
[2015.09.12-07.50.47:140][538]LogModuleManager: Shutting down and abandoning module LevelEditor (90)
[2015.09.12-07.50.47:141][538]LogModuleManager: Shutting down and abandoning module DirectoryWatcher (89)
[2015.09.12-07.50.47:141][538]LogModuleManager: Shutting down and abandoning module AssetRegistry (88)
[2015.09.12-07.50.47:223][538]LogModuleManager: Shutting down and abandoning module ContentBrowser (87)
[2015.09.12-07.50.47:224][538]LogModuleManager: Shutting down and abandoning module Paper2DEditor (86)
[2015.09.12-07.50.47:224][538]LogModuleManager: Shutting down and abandoning module UdpMessaging (85)
[2015.09.12-07.50.47:325][538]LogModuleManager: Shutting down and abandoning module LightPropagationVolumeRuntime (84)
[2015.09.12-07.50.47:325][538]LogModuleManager: Shutting down and abandoning module Paper2D (83)
[2015.09.12-07.50.47:325][538]LogModuleManager: Shutting down and abandoning module WindowsMoviePlayer (82)
[2015.09.12-07.50.47:327][538]LogModuleManager: Shutting down and abandoning module Media (81)
[2015.09.12-07.50.47:327][538]LogModuleManager: Shutting down and abandoning module WmfMedia (80)
[2015.09.12-07.50.47:327][538]LogModuleManager: Shutting down and abandoning module OnlineBlueprintSupport (79)
[2015.09.12-07.50.47:327][538]LogModuleManager: Shutting down and abandoning module GameplayTasksEditor (78)
[2015.09.12-07.50.47:327][538]LogModuleManager: Shutting down and abandoning module PropertyEditor (77)
[2015.09.12-07.50.47:327][538]LogModuleManager: Shutting down and abandoning module BehaviorTreeEditor (76)
[2015.09.12-07.50.47:327][538]LogModuleManager: Shutting down and abandoning module FunctionalTesting (75)
[2015.09.12-07.50.47:327][538]LogModuleManager: Shutting down and abandoning module CollisionAnalyzer (74)
[2015.09.12-07.50.47:327][538]LogModuleManager: Shutting down and abandoning module WorkspaceMenuStructure (73)
[2015.09.12-07.50.47:327][538]LogModuleManager: Shutting down and abandoning module MessageLog (72)
[2015.09.12-07.50.47:327][538]LogModuleManager: Shutting down and abandoning module Sequencer (71)
[2015.09.12-07.50.47:327][538]LogModuleManager: Shutting down and abandoning module AssetTools (70)
[2015.09.12-07.50.47:327][538]LogModuleManager: Shutting down and abandoning module UMGEditor (69)
[2015.09.12-07.50.47:327][538]LogModuleManager: Shutting down and abandoning module UMG (68)
[2015.09.12-07.50.47:327][538]LogModuleManager: Shutting down and abandoning module Slate (67)
[2015.09.12-07.50.47:327][538]LogModuleManager: Shutting down and abandoning module EditorStyle (66)
[2015.09.12-07.50.47:329][538]LogModuleManager: Shutting down and abandoning module SessionServices (65)
[2015.09.12-07.50.47:329][538]LogModuleManager: Shutting down and abandoning module SourceCodeAccess (64)
[2015.09.12-07.50.47:329][538]LogModuleManager: Shutting down and abandoning module HeadMountedDisplay (63)
[2015.09.12-07.50.47:329][538]LogModuleManager: Shutting down and abandoning module XAudio2 (62)
[2015.09.12-07.50.47:329][538]LogModuleManager: Shutting down and abandoning module Networking (60)
[2015.09.12-07.50.47:329][538]LogModuleManager: Shutting down and abandoning module Core (59)
[2015.09.12-07.50.47:329][538]LogModuleManager: Shutting down and abandoning module KismetCompiler (58)
[2015.09.12-07.50.47:329][538]LogModuleManager: Shutting down and abandoning module PhysXFormats (57)
[2015.09.12-07.50.47:329][538]LogModuleManager: Shutting down and abandoning module MeshUtilities (56)
[2015.09.12-07.50.47:329][538]LogModuleManager: Shutting down and abandoning module CookingStats (55)
[2015.09.12-07.50.47:330][538]LogModuleManager: Shutting down and abandoning module DerivedDataCache (54)
[2015.09.12-07.50.47:426][538]LogDerivedDataCache: Shutdown
[2015.09.12-07.50.47:426][538]LogModuleManager: Shutting down and abandoning module ShaderFormatOpenGL (53)
[2015.09.12-07.50.47:426][538]LogModuleManager: Shutting down and abandoning module ShaderFormatD3D (52)
[2015.09.12-07.50.47:426][538]LogModuleManager: Shutting down and abandoning module MetalShaderFormat (51)
[2015.09.12-07.50.47:426][538]LogModuleManager: Shutting down and abandoning module TextureFormatUncompressed (50)
[2015.09.12-07.50.47:426][538]LogModuleManager: Shutting down and abandoning module TextureFormatPVR (49)
[2015.09.12-07.50.47:426][538]LogModuleManager: Shutting down and abandoning module TextureFormatIntelISPCTexComp (48)
[2015.09.12-07.50.47:426][538]LogModuleManager: Shutting down and abandoning module TextureFormatDXT (47)
[2015.09.12-07.50.47:426][538]LogModuleManager: Shutting down and abandoning module ImageWrapper (46)
[2015.09.12-07.50.47:426][538]LogModuleManager: Shutting down and abandoning module TextureFormatASTC (45)
[2015.09.12-07.50.47:426][538]LogModuleManager: Shutting down and abandoning module TextureFormatAndroid (44)
[2015.09.12-07.50.47:426][538]LogModuleManager: Shutting down and abandoning module AudioFormatOpus (43)
[2015.09.12-07.50.47:426][538]LogModuleManager: Shutting down and abandoning module AudioFormatOgg (42)
[2015.09.12-07.50.47:426][538]LogModuleManager: Shutting down and abandoning module AudioFormatADPCM (41)
[2015.09.12-07.50.47:426][538]LogModuleManager: Shutting down and abandoning module LinuxTargetPlatform (40)
[2015.09.12-07.50.47:426][538]LogModuleManager: Shutting down and abandoning module LinuxServerTargetPlatform (39)
[2015.09.12-07.50.47:426][538]LogModuleManager: Shutting down and abandoning module LinuxNoEditorTargetPlatform (38)
[2015.09.12-07.50.47:426][538]LogModuleManager: Shutting down and abandoning module Messaging (37)
[2015.09.12-07.50.47:426][538]LogModuleManager: Shutting down and abandoning module IOSTargetPlatform (36)
[2015.09.12-07.50.47:426][538]LogModuleManager: Shutting down and abandoning module HTML5TargetPlatform (35)
[2015.09.12-07.50.47:426][538]LogModuleManager: Shutting down and abandoning module Android_PVRTCTargetPlatform (34)
[2015.09.12-07.50.47:426][538]LogModuleManager: Shutting down and abandoning module Android_ETC2TargetPlatform (33)
[2015.09.12-07.50.47:426][538]LogModuleManager: Shutting down and abandoning module Android_ETC1TargetPlatform (32)
[2015.09.12-07.50.47:426][538]LogModuleManager: Shutting down and abandoning module Android_DXTTargetPlatform (31)
[2015.09.12-07.50.47:426][538]LogModuleManager: Shutting down and abandoning module Android_ATCTargetPlatform (30)
[2015.09.12-07.50.47:426][538]LogModuleManager: Shutting down and abandoning module Android_ASTCTargetPlatform (29)
[2015.09.12-07.50.47:426][538]LogModuleManager: Shutting down and abandoning module AndroidTargetPlatform (28)
[2015.09.12-07.50.47:426][538]LogModuleManager: Shutting down and abandoning module WindowsTargetPlatform (27)
[2015.09.12-07.50.47:426][538]LogModuleManager: Shutting down and abandoning module WindowsServerTargetPlatform (26)
[2015.09.12-07.50.47:426][538]LogModuleManager: Shutting down and abandoning module WindowsNoEditorTargetPlatform (25)
[2015.09.12-07.50.47:426][538]LogModuleManager: Shutting down and abandoning module WindowsClientTargetPlatform (24)
[2015.09.12-07.50.47:426][538]LogModuleManager: Shutting down and abandoning module AllDesktopTargetPlatform (23)
[2015.09.12-07.50.47:426][538]LogModuleManager: Shutting down and abandoning module TargetPlatform (22)
[2015.09.12-07.50.47:426][538]LogModuleManager: Shutting down and abandoning module InputCore (21)
[2015.09.12-07.50.47:426][538]LogModuleManager: Shutting down and abandoning module Settings (20)
[2015.09.12-07.50.47:426][538]LogModuleManager: Shutting down and abandoning module OnlineSubsystem (18)
[2015.09.12-07.50.47:426][538]LogModuleManager: Shutting down and abandoning module HTTP (17)
[2015.09.12-07.50.48:929][538]LogModuleManager: Shutting down and abandoning module XMPP (16)
[2015.09.12-07.50.48:929][538]LogModuleManager: Shutting down and abandoning module ExampleDeviceProfileSelector (15)
[2015.09.12-07.50.48:929][538]LogModuleManager: Shutting down and abandoning module TextureCompressor (14)
[2015.09.12-07.50.48:929][538]LogModuleManager: Shutting down and abandoning module ShaderCore (13)
[2015.09.12-07.50.48:929][538]LogModuleManager: Shutting down and abandoning module Landscape (12)
[2015.09.12-07.50.48:929][538]LogModuleManager: Shutting down and abandoning module SlateRHIRenderer (11)
[2015.09.12-07.50.48:929][538]LogModuleManager: Shutting down and abandoning module OpenGLDrv (10)
[2015.09.12-07.50.48:930][538]LogModuleManager: Shutting down and abandoning module D3D11RHI (9)
[2015.09.12-07.50.48:930][538]LogModuleManager: Shutting down and abandoning module AnimGraphRuntime (8)
[2015.09.12-07.50.48:930][538]LogModuleManager: Shutting down and abandoning module Renderer (7)
[2015.09.12-07.50.48:930][538]LogModuleManager: Shutting down and abandoning module Engine (6)
[2015.09.12-07.50.48:930][538]LogModuleManager: Shutting down and abandoning module CoreUObject (5)
[2015.09.12-07.50.48:930][538]LogModuleManager: Shutting down and abandoning module NetworkFile (4)
[2015.09.12-07.50.48:930][538]LogModuleManager: Shutting down and abandoning module StreamingFile (3)
[2015.09.12-07.50.48:930][538]LogModuleManager: Shutting down and abandoning module SandboxFile (2)
[2015.09.12-07.50.48:930][538]LogModuleManager: Shutting down and abandoning module PakFile (1)
[2015.09.12-07.50.48:930][538]LogExit: Exiting.
[2015.09.12-07.50.48:943][538]Log file closed, 09/12/15 03:50:48
