[2015.09.12-07.55.20:231][  0]Log file open, 09/12/15 03:55:20
[2015.09.12-07.55.20:231][  0]LogInit:Display: Running engine for game: LeapExamples
[2015.09.12-07.55.20:231][  0]LogInit:Display: RandInit(155408350) SRandInit(155408351).
[2015.09.12-07.55.20:231][  0]LogTaskGraph: Started task graph with 4 named threads and 7 total threads.
[2015.09.12-07.55.20:231][  0]LogStats: Stats thread started at 0.071289
[2015.09.12-07.55.20:231][  0]LogInit: Version: 4.9.0-2672455+++depot+UE4-Releases+4.9
[2015.09.12-07.55.20:231][  0]LogInit: API Version: 2672455
[2015.09.12-07.55.20:231][  0]LogInit: Compiled (64-bit): Aug 28 2015 12:33:01
[2015.09.12-07.55.20:231][  0]LogInit: Compiled with Visual C++: 18.00.21005.01
[2015.09.12-07.55.20:231][  0]LogInit: Build Configuration: Development
[2015.09.12-07.55.20:231][  0]LogInit: Branch Name: ++depot+UE4-Releases+4.9
[2015.09.12-07.55.20:231][  0]LogInit: Command line:  
[2015.09.12-07.55.20:231][  0]LogInit: Base directory: D:/Program Files/Epic Games/4.9/Engine/Binaries/Win64/
[2015.09.12-07.55.20:231][  0]LogInit: Rocket: 1
[2015.09.12-07.55.20:237][  0]LogInit: Using libcurl 7.41.0
[2015.09.12-07.55.20:237][  0]LogInit:  - built for x86_64-pc-win32
[2015.09.12-07.55.20:237][  0]LogInit:  - supports SSL with WinSSL
[2015.09.12-07.55.20:237][  0]LogInit:  - other features:
[2015.09.12-07.55.20:237][  0]LogInit:      CURL_VERSION_SSL
[2015.09.12-07.55.20:237][  0]LogInit:      CURL_VERSION_IPV6
[2015.09.12-07.55.20:237][  0]LogInit:      CURL_VERSION_ASYNCHDNS
[2015.09.12-07.55.20:237][  0]LogInit:      CURL_VERSION_LARGEFILE
[2015.09.12-07.55.20:237][  0]LogInit:      CURL_VERSION_IDN
[2015.09.12-07.55.20:237][  0]LogInit:  CurlRequestOptions (configurable via config and command line):
[2015.09.12-07.55.20:237][  0]LogInit:  - bVerifyPeer = true  - Libcurl will verify peer certificate
[2015.09.12-07.55.20:237][  0]LogInit:  - bUseHttpProxy = false  - Libcurl will NOT use HTTP proxy
[2015.09.12-07.55.20:237][  0]LogInit:  - bDontReuseConnections = false  - Libcurl will reuse connections
[2015.09.12-07.55.20:237][  0]LogInit:  - CertBundlePath = nullptr  - Libcurl will use whatever was configured at build time.
[2015.09.12-07.55.20:242][  0]LogInit: Presizing for 0 objects not considered by GC, pre-allocating 0 bytes.
[2015.09.12-07.55.20:249][  0]LogInit: Object subsystem initialized
[2015.09.12-07.55.20:314][  0]LogConsoleManager:Warning: Console variable 'r.MSAA.CompositingSampleCount' wasn't set ('Scalability' has a lower priority than 'ProjectSetting')
[2015.09.12-07.55.20:314][  0]LogInit: Selected Device Profile: [Windows]
[2015.09.12-07.55.20:314][  0]LogInit: Applying CVar settings loaded from the selected device profile: [Windows]
[2015.09.12-07.55.20:323][  0]LogInit: Computer: UNSC
[2015.09.12-07.55.20:323][  0]LogInit: User: UNSC
[2015.09.12-07.55.20:323][  0]LogInit: CPU Page size=4096, Cores=4
[2015.09.12-07.55.20:323][  0]LogInit: High frequency timer resolution =2.435775 MHz
[2015.09.12-07.55.20:323][  0]LogMemory: Memory total: Physical=15.9GB (16GB approx)
[2015.09.12-07.55.20:323][  0]LogMemory: Platform Memory Stats for Windows
[2015.09.12-07.55.20:323][  0]LogMemory: Process Physical Memory: 52.07 MB used, 52.07 MB peak
[2015.09.12-07.55.20:323][  0]LogMemory: Process Virtual Memory: 56.96 MB used, 56.96 MB peak
[2015.09.12-07.55.20:323][  0]LogMemory: Physical Memory: 6528.08 MB used, 16302.47 MB total
[2015.09.12-07.55.20:323][  0]LogMemory: Virtual Memory: 353.23 MB used, 134217728.00 MB total
[2015.09.12-07.55.20:356][  0]LogTextLocalizationManager: No specific translations for ('en-US') exist, so ('en') translations will be used.
[2015.09.12-07.55.21:076][  0]LogD3D11RHI: Found D3D11 adapter 0: NVIDIA GeForce GTX 980M  (Feature Level 11_0)
[2015.09.12-07.55.21:076][  0]LogD3D11RHI: Adapter has 8064MB of dedicated video memory, 0MB of dedicated system memory, and 8151MB of shared system memory, 1 output[s]
[2015.09.12-07.55.21:082][  0]LogD3D11RHI: Found D3D11 adapter 1: Intel(R) HD Graphics 4600 (Feature Level 11_0)
[2015.09.12-07.55.21:082][  0]LogD3D11RHI: Adapter has 128MB of dedicated video memory, 0MB of dedicated system memory, and 1792MB of shared system memory, 0 output[s]
[2015.09.12-07.55.21:083][  0]LogD3D11RHI: Found D3D11 adapter 2: Microsoft Basic Render Driver (Feature Level 11_0)
[2015.09.12-07.55.21:083][  0]LogD3D11RHI: Adapter has 0MB of dedicated video memory, 0MB of dedicated system memory, and 256MB of shared system memory, 0 output[s]
[2015.09.12-07.55.21:083][  0]LogD3D11RHI: Chosen D3D11 Adapter Id = 0
[2015.09.12-07.55.21:087][  0]LogD3D11RHI: !Direct3DDevice
[2015.09.12-07.55.21:087][  0]LogRHI: Texture pool is 1361 MB (70% of 1945 MB)
[2015.09.12-07.55.21:097][  0]LogD3D11RHI: Async texture creation enabled
[2015.09.12-07.55.21:113][  0]LogShaderCompilers: Guid format shader working directory is 15 characters bigger than the processId version (../../../../../../Users/UNSC/Documents/Unreal Projects/LeapExamples 4.9/Intermediate/Shaders/WorkingDirectory/7952/).
[2015.09.12-07.55.21:113][  0]LogShaderCompilers: Cleaned the shader compiler working directory '../../../../../../Users/UNSC/Documents/Unreal Projects/LeapExamples 4.9/Intermediate/Shaders/tmp/96F0694C4456DA02C343D3959694D1DE/'.
[2015.09.12-07.55.21:113][  0]LogShaderCompilers:Display: Using Local Shader Compiler.
[2015.09.12-07.55.22:155][  0]LogTemp:Display: Loaded TP AllDesktopTargetPlatform
[2015.09.12-07.55.22:159][  0]LogTemp:Display: Loaded TP WindowsClientTargetPlatform
[2015.09.12-07.55.22:162][  0]LogTemp:Display: Loaded TP WindowsNoEditorTargetPlatform
[2015.09.12-07.55.22:167][  0]LogTemp:Display: Loaded TP WindowsServerTargetPlatform
[2015.09.12-07.55.22:170][  0]LogTemp:Display: Loaded TP WindowsTargetPlatform
[2015.09.12-07.55.22:173][  0]LogTemp:Display: Loaded TP AndroidTargetPlatform
[2015.09.12-07.55.22:176][  0]LogTemp:Display: Loaded TP Android_ASTCTargetPlatform
[2015.09.12-07.55.22:178][  0]LogTemp:Display: Loaded TP Android_ATCTargetPlatform
[2015.09.12-07.55.22:181][  0]LogTemp:Display: Loaded TP Android_DXTTargetPlatform
[2015.09.12-07.55.22:184][  0]LogTemp:Display: Loaded TP Android_ETC1TargetPlatform
[2015.09.12-07.55.22:187][  0]LogTemp:Display: Loaded TP Android_ETC2TargetPlatform
[2015.09.12-07.55.22:189][  0]LogTemp:Display: Loaded TP Android_PVRTCTargetPlatform
[2015.09.12-07.55.22:190][  0]LogTemp:Display: Loaded TP HTML5TargetPlatform
[2015.09.12-07.55.22:206][  0]LogTemp:Display: Loaded TP IOSTargetPlatform
[2015.09.12-07.55.22:209][  0]LogTemp:Display: Loaded TP LinuxNoEditorTargetPlatform
[2015.09.12-07.55.22:212][  0]LogTemp:Display: Loaded TP LinuxServerTargetPlatform
[2015.09.12-07.55.22:215][  0]LogTemp:Display: Loaded TP LinuxTargetPlatform
[2015.09.12-07.55.22:215][  0]LogTargetPlatformManager:Display: Building Assets For Windows
[2015.09.12-07.55.22:272][  0]LogDerivedDataCache:Display: Max Cache Size: 512 MB
[2015.09.12-07.55.22:311][  0]LogDerivedDataCache: Loaded boot cache 0.04s 41MB C:/Users/UNSC/AppData/Local/UnrealEngine/4.9/DerivedDataCache/Boot.ddc.
[2015.09.12-07.55.22:311][  0]LogDerivedDataCache:Display: Loaded Boot cache: C:/Users/UNSC/AppData/Local/UnrealEngine/4.9/DerivedDataCache/Boot.ddc
[2015.09.12-07.55.22:311][  0]LogDerivedDataCache: FDerivedDataBackendGraph:  Pak pak cache file ../../../../../../Users/UNSC/Documents/Unreal Projects/LeapExamples 4.9/DerivedDataCache/DDC.ddp not found, will not use a pak cache.
[2015.09.12-07.55.22:311][  0]LogDerivedDataCache: Unable to find inner node Pak for hierarchical cache Hierarchy.
[2015.09.12-07.55.22:311][  0]LogDerivedDataCache: FDerivedDataBackendGraph:  CompressedPak pak cache file ../../../../../../Users/UNSC/Documents/Unreal Projects/LeapExamples 4.9/DerivedDataCache/Compressed.ddp not found, will not use a pak cache.
[2015.09.12-07.55.22:311][  0]LogDerivedDataCache: Unable to find inner node CompressedPak for hierarchical cache Hierarchy.
[2015.09.12-07.55.22:442][  0]LogDerivedDataCache:Display: Pak cache opened for reading ../../../Engine/DerivedDataCache/Compressed.ddp.
[2015.09.12-07.55.22:454][  0]LogDerivedDataCache: Using Local data cache path C:/Users/UNSC/AppData/Local/UnrealEngine/Common/DerivedDataCache: Writable
[2015.09.12-07.55.22:614][  0]LogInit: Selected Device Profile: [Windows]
[2015.09.12-07.55.22:617][  0]LogContentStreaming: Texture pool size is 0.000000MB
[2015.09.12-07.55.22:768][  0]LogMeshUtilities: No automatic mesh reduction module available
[2015.09.12-07.55.22:768][  0]LogMeshUtilities: No automatic mesh merging module available
[2015.09.12-07.55.23:007][  0]LogInit: WinSock: version 1.1 (2.2), MaxSocks=32767, MaxUdp=65467
[2015.09.12-07.55.23:607][  0]UdpMessaging: Initializing bridge on interface 0.0.0.0:0 to multicast group 230.0.0.1:6666.
[2015.09.12-07.55.23:696][  0]LogAssetRegistry: FAssetRegistry took 0.0110 seconds to start up
[2015.09.12-07.55.23:836][  0]SourceControl: Info Source control is disabled
[2015.09.12-07.55.23:843][  0]SourceControl: Info Source control is disabled
[2015.09.12-07.55.23:849][  0]SourceControl: Info Source control is disabled
[2015.09.12-07.55.23:855][  0]SourceControl: Info Source control is disabled
[2015.09.12-07.55.23:949][  0]LogLinker:Warning: Asset '../../../Engine/Plugins/Runtime/LeapMotionController/Content/LM_PassthroughMaterial.uasset' has been saved with empty engine version. The asset will be loaded but may be incompatible.
[2015.09.12-07.55.24:001][  0]LogObj: 28361 objects as part of root set at end of initial load.
[2015.09.12-07.55.24:001][  0]LogUObjectAllocator: 6038864 out of 0 bytes used by permanent object pool.
[2015.09.12-07.55.24:052][  0]LogEngine: Initializing Engine...
[2015.09.12-07.55.24:053][  0]LogHMD: Can't find Oculus library dev build: is proper Runtime installed? Version: 0.6.0.0
[2015.09.12-07.55.24:054][  0]LogHMD: SteamVR failed to initialize.  Err: 110
[2015.09.12-07.55.24:161][  0]LogAIModule: Creating AISystem for world NewWorld
[2015.09.12-07.55.24:167][  0]LogInit: XAudio2 using 'Speakers (Realtek High Definition Audio)' : 2 channels at 48 kHz using 32 bits per sample (channel mask 0x3)
[2015.09.12-07.55.24:185][  0]LogInit: FAudioDevice initialized.
[2015.09.12-07.55.24:204][  0]LogDerivedDataCache: Saved boot cache 0.02s 41MB C:/Users/UNSC/AppData/Local/UnrealEngine/4.9/DerivedDataCache/Boot.ddc.
[2015.09.12-07.55.24:207][  0]LogInit: Texture streaming: Enabled
[2015.09.12-07.55.24:210][  0]LogAnalytics: Creating configured Analytics provider AnalyticsET
[2015.09.12-07.55.24:210][  0]LogAnalytics: [UEEditor.Rocket.Release] APIServer = http://et2.epicgames.com/ET2/. AppVersion = 4.9.0-2672455+++depot+UE4-Releases+4.9
[2015.09.12-07.55.24:210][  0]LogAnalytics: [UEEditor.Rocket.Release] SetUserId 8c88475b487ea132c9659091e414b279|6233600c95b54714a742fc5b2438fa09|547b1aa8-fe4b-4503-acce-3705dd1fd048
[2015.09.12-07.55.24:210][  0]LogAnalytics: [UEEditor.Rocket.Release] AnalyticsET::StartSession
[2015.09.12-07.55.24:232][  0]LogInit: Transaction tracking system initialized
[2015.09.12-07.55.24:249][  0]BlueprintLog: New page: Editor Load
[2015.09.12-07.55.24:303][  0]LocalizationService: Info Localization service is disabled
[2015.09.12-07.55.24:475][  0]LogConsoleResponse:Display: 
[2015.09.12-07.55.24:577][  0]LogCook:Display: Done creating registry. It took  0.00s.
[2015.09.12-07.55.24:614][  0]LogFileCache: Scanning file cache for directory 'D:/Users/UNSC/Documents/Unreal Projects/LeapExamples 4.9/Content/' took 0.01s
[2015.09.12-07.55.24:614][  0]SourceControl: Info Source control is disabled
[2015.09.12-07.55.24:614][  0]Cmd: MAP LOAD FILE="../../../../../../Users/UNSC/Documents/Unreal Projects/LeapExamples 4.9/Content/Maps/CollisionsDemo.umap" TEMPLATE=0 SHOWPROGRESS=1 FEATURELEVEL=3
[2015.09.12-07.55.24:614][  0]LightingResults: New page: Lighting Build
[2015.09.12-07.55.24:616][  0]MapCheck: New page: Map Check
[2015.09.12-07.55.24:616][  0]LightingResults: New page: Lighting Build
[2015.09.12-07.55.24:626][  0]LogParticles: Destroying 0 GPU particle simulations for FXSystem 0x000000C9382EA160
[2015.09.12-07.55.24:867][  0]LogTexture:Display: Building textures: LightMapTexture2D_7 (DXT1)
[2015.09.12-07.55.24:874][  0]LogAIModule: Creating AISystem for world CollisionsDemo
[2015.09.12-07.55.24:880][  0]LogEditorServer: Finished looking for orphan Actors (0.000 secs)
[2015.09.12-07.55.24:882][  0]Cmd: MAP CHECKDEP NOCLEARLOG
[2015.09.12-07.55.24:916][  0]MapCheck: Info Map check complete: 0 Error(s), 0 Warning(s), took 34.445ms to complete.
[2015.09.12-07.55.24:916][  0]LogFileHelpers: Loading map 'CollisionsDemo' took 0.302
[2015.09.12-07.55.25:048][  0]LogCollectionManager: Loaded 0 collections in 0.001976 seconds
[2015.09.12-07.55.25:088][  0]LogFileCache: Scanning file cache for directory 'D:/Users/UNSC/Documents/Unreal Projects/LeapExamples 4.9/Saved/Collections/' took 0.01s
[2015.09.12-07.55.25:088][  0]LogFileCache: Scanning file cache for directory 'D:/Users/UNSC/Documents/Unreal Projects/LeapExamples 4.9/Content/Developers/UNSC/Collections/' took 0.01s
[2015.09.12-07.55.25:088][  0]LogFileCache: Scanning file cache for directory 'D:/Users/UNSC/Documents/Unreal Projects/LeapExamples 4.9/Content/Collections/' took 0.01s
[2015.09.12-07.55.25:088][  0]LogContentBrowser: Native class hierarchy populated in 0.0064 seconds. Added 1867 classes and 333 folders.
[2015.09.12-07.55.25:092][  0]LogCollectionManager: Rebuilt the GUID cache for 0 collections in 0.000003 seconds
[2015.09.12-07.55.25:096][  0]LogContentBrowser: Native class hierarchy updated for 'WidgetCarousel' in 0.0003 seconds. Added 0 classes and 0 folders.
[2015.09.12-07.55.25:170][  0]LogContentBrowser: Native class hierarchy updated for 'AddContentDialog' in 0.0003 seconds. Added 0 classes and 0 folders.
[2015.09.12-07.55.25:173][  0]LogContentBrowser: Native class hierarchy updated for 'SceneOutliner' in 0.0003 seconds. Added 1 classes and 2 folders.
[2015.09.12-07.55.25:193][  0]LogCrashTracker: Crashtracker disabled due to settings.
[2015.09.12-07.55.25:196][  0]LogUObjectGlobals:Warning: Failed to find object 'Class None.'
[2015.09.12-07.55.25:219][  0]LogLoad: Full Startup: 5.47 seconds (BP compile: 0.05 seconds)
[2015.09.12-07.55.25:299][  0]LogContentStreaming: Texture pool size now 400 MB
[2015.09.12-07.55.25:436][  0]LogRenderer: Reallocating scene render targets to support 1208x576 (Frame:2).
[2015.09.12-07.55.25:554][  3]LogAssetRegistry: Asset discovery search completed in 1.8700 seconds
[2015.09.12-07.55.25:554][  3]LogCollectionManager: Rebuilt the object cache for 0 collections in 0.000000 seconds (found 0 objects)
[2015.09.12-07.55.25:555][  3]LogCollectionManager: Fixed up redirectors for 0 collections in 0.000019 seconds (updated 0 objects)
[2015.09.12-07.55.28:600][183]LogPlayLevel: PlayLevel: No blueprints needed recompiling
[2015.09.12-07.55.28:600][183]PIE: New page: PIE session: CollisionsDemo (Sep 11, 2015, 11:55:28 PM)
[2015.09.12-07.55.28:600][183]LogPlayLevel: Creating play world package: /Game/Maps/UEDPIE_0_CollisionsDemo
[2015.09.12-07.55.28:604][183]LogPlayLevel: PIE: StaticDuplicateObject took: (0.003898s)
[2015.09.12-07.55.28:605][183]LogAIModule: Creating AISystem for world CollisionsDemo
[2015.09.12-07.55.28:605][183]LogPlayLevel: PIE: World Init took: (0.001318s)
[2015.09.12-07.55.28:606][183]LogPlayLevel: PIE: Created PIE world by copying editor world from /Game/Maps/CollisionsDemo.CollisionsDemo to /Game/Maps/UEDPIE_0_CollisionsDemo.CollisionsDemo (0.005732s)
[2015.09.12-07.55.28:627][183]LogInit: XAudio2 using 'Speakers (Realtek High Definition Audio)' : 2 channels at 48 kHz using 32 bits per sample (channel mask 0x3)
[2015.09.12-07.55.28:634][183]LogInit: FAudioDevice initialized.
[2015.09.12-07.55.28:682][183]LogWorld: Game class is 'GameMode'
[2015.09.12-07.55.28:688][183]LogWorld: Bringing World /Game/Maps/UEDPIE_0_CollisionsDemo.CollisionsDemo up for play (max tick rate 60) at 2015.09.12-03.55.28
[2015.09.12-07.55.28:689][183]LogActor:Warning: GameSession /Game/Maps/UEDPIE_0_CollisionsDemo.CollisionsDemo:PersistentLevel.GameSession_0 has natively added scene component(s), but none of them were set as the actor's RootComponent - picking one arbitrarily
[2015.09.12-07.55.28:689][183]LogActor:Warning: GameNetworkManager /Game/Maps/UEDPIE_0_CollisionsDemo.CollisionsDemo:PersistentLevel.GameNetworkManager_0 has natively added scene component(s), but none of them were set as the actor's RootComponent - picking one arbitrarily
[2015.09.12-07.55.28:689][183]LogWorld: Bringing up level for play took: 0.006134
[2015.09.12-07.55.28:691][183]PIE: Info Play in editor start time for /Game/Maps/UEDPIE_0_CollisionsDemo 1.006
[2015.09.12-07.55.45:276][165]LogParticles: Destroying 0 GPU particle simulations for FXSystem 0x000000C947C20FE0
[2015.09.12-07.55.57:520][865]LogTexture:Display: Building textures: Pepper_Arm_MediumSkin_normal (BC5)
[2015.09.12-07.55.59:902][865]LogTexture:Display: Building textures: Pepper_Arm_MediumSkin_specular (AutoDXT)
[2015.09.12-07.56.03:528][865]LogTexture:Display: Building textures: Pepper_Arm_MediumSkin_color (AutoDXT)
[2015.09.12-07.56.11:767][865]LogMaterial: Missing cached shader map for material LM_HandMaterial, compiling. 
[2015.09.12-07.56.12:537][865]LogSkeletalMesh: InitArticulated: Bodies already created (/Engine/Transient.DebugSkelMeshComponent_0) - call TermArticulated first.
[2015.09.12-07.56.12:692][865]LogUObjectGlobals:Warning: Failed to find object 'Object /Engine/Tutorial/SubEditors/PersonaAnimEditorTutorial.PersonaAnimEditorTutorial_C'
[2015.09.12-07.57.17:916][514]LogContentBrowser: Native class hierarchy updated for 'PhAT' in 0.0004 seconds. Added 1 classes and 2 folders.
[2015.09.12-07.57.35:901][557]LogAIModule: Creating AISystem for world RiggedHandDemo
[2015.09.12-07.57.35:916][557]LogParticles: Destroying 0 GPU particle simulations for FXSystem 0x000000C9013A6CA0
[2015.09.12-07.57.35:917][557]LogParticles: Destroying 0 GPU particle simulations for FXSystem 0x000000C9264D1620
[2015.09.12-07.57.35:917][557]LogParticles: Destroying 0 GPU particle simulations for FXSystem 0x000000C9019A13A0
[2015.09.12-07.57.35:918][557]LogParticles: Destroying 0 GPU particle simulations for FXSystem 0x000000C9019A18A0
[2015.09.12-07.57.35:922][557]Cmd: MAP LOAD FILE="../../../../../../Users/UNSC/Documents/Unreal Projects/LeapExamples 4.9/Content/Maps/RiggedHandDemo.umap" TEMPLATE=0 SHOWPROGRESS=1 FEATURELEVEL=3
[2015.09.12-07.57.35:922][557]LightingResults: New page: Lighting Build
[2015.09.12-07.57.35:936][557]LoadErrors: New page: Loading map: RiggedHandDemo.umap
[2015.09.12-07.57.35:936][557]MapCheck: New page: Map Check
[2015.09.12-07.57.35:936][557]LightingResults: New page: Lighting Build
[2015.09.12-07.57.35:947][557]LogParticles: Destroying 0 GPU particle simulations for FXSystem 0x000000C926947380
[2015.09.12-07.57.35:999][557]LogEditorServer: Finished looking for orphan Actors (0.000 secs)
[2015.09.12-07.57.36:040][557]Cmd: MAP CHECKDEP NOCLEARLOG
[2015.09.12-07.57.36:081][557]MapCheck: Info Map check complete: 0 Error(s), 0 Warning(s), took 40.522ms to complete.
[2015.09.12-07.57.36:081][557]LogFileHelpers: Loading map 'RiggedHandDemo' took 0.160
[2015.09.12-07.57.37:479][637]LogPlayLevel: PlayLevel: No blueprints needed recompiling
[2015.09.12-07.57.37:479][637]PIE: New page: PIE session: RiggedHandDemo (Sep 11, 2015, 11:57:37 PM)
[2015.09.12-07.57.37:479][637]LogPlayLevel: Creating play world package: /Game/Maps/UEDPIE_0_RiggedHandDemo
[2015.09.12-07.57.37:481][637]LogPlayLevel: PIE: StaticDuplicateObject took: (0.001746s)
[2015.09.12-07.57.37:482][637]LogAIModule: Creating AISystem for world RiggedHandDemo
[2015.09.12-07.57.37:482][637]LogPlayLevel: PIE: World Init took: (0.000975s)
[2015.09.12-07.57.37:482][637]LogPlayLevel: PIE: Created PIE world by copying editor world from /Game/Maps/RiggedHandDemo.RiggedHandDemo to /Game/Maps/UEDPIE_0_RiggedHandDemo.RiggedHandDemo (0.002932s)
[2015.09.12-07.57.37:498][637]LogInit: XAudio2 using 'Speakers (Realtek High Definition Audio)' : 2 channels at 48 kHz using 32 bits per sample (channel mask 0x3)
[2015.09.12-07.57.37:505][637]LogInit: FAudioDevice initialized.
[2015.09.12-07.57.37:539][637]LogWorld: Game class is 'GameMode'
[2015.09.12-07.57.37:541][637]LogWorld: Bringing World /Game/Maps/UEDPIE_0_RiggedHandDemo.RiggedHandDemo up for play (max tick rate 60) at 2015.09.12-03.57.37
[2015.09.12-07.57.37:541][637]LogActor:Warning: GameSession /Game/Maps/UEDPIE_0_RiggedHandDemo.RiggedHandDemo:PersistentLevel.GameSession_1 has natively added scene component(s), but none of them were set as the actor's RootComponent - picking one arbitrarily
[2015.09.12-07.57.37:541][637]LogActor:Warning: GameNetworkManager /Game/Maps/UEDPIE_0_RiggedHandDemo.RiggedHandDemo:PersistentLevel.GameNetworkManager_1 has natively added scene component(s), but none of them were set as the actor's RootComponent - picking one arbitrarily
[2015.09.12-07.57.37:541][637]LogWorld: Bringing up level for play took: 0.001829
[2015.09.12-07.57.37:543][637]PIE: Info Play in editor start time for /Game/Maps/UEDPIE_0_RiggedHandDemo -0.142
[2015.09.12-07.58.34:453][999]LogParticles: Destroying 0 GPU particle simulations for FXSystem 0x000000C947C21EE0
[2015.09.12-08.03.16:860][532]LogEditorViewport: Clicking on Actor (LMB): BP_Sky_Sphere_C (BP_Sky_Shere)
[2015.09.12-08.04.00:033][900]LogSourceControl:Error: '../../../../../../Users/UNSC/Documents/Unreal Projects/LeapExamples 4.9/' is not part of a Git repository
[2015.09.12-08.05.00:505][445]LogSourceControl:Error: '../../../../../../Users/UNSC/Documents/Unreal Projects/LeapExamples 4.9/' is not part of a Git repository
[2015.09.12-08.05.42:351][904]SourceControl:Error: Error fatal: Not a git repository: 'D:/Users/UNSC/Documents/Unreal Projects/LeapExamples 4.9/.git'
[2015.09.12-08.05.42:351][904]SourceControl:Error: Error Failed to enable Git source control. You need to initialize the project as a Git repository first.
[2015.09.12-08.07.02:126][827]LogSourceControl:Error: '../../../../../../Users/UNSC/Documents/Unreal Projects/LeapExamples 4.9/' is not part of a Git repository
[2015.09.12-08.07.37:473][933]LogSourceControl:Error: '../../../../../../Users/UNSC/Documents/Unreal Projects/LeapExamples 4.9/' is not part of a Git repository
[2015.09.12-08.07.55:521][940]LogSourceControl:Error: '../../../../../../Users/UNSC/Documents/Unreal Projects/LeapExamples 4.9/' is not part of a Git repository
[2015.09.12-08.07.55:694][951]SourceControl:Error: Error fatal: Not a git repository: 'D:/Users/UNSC/Documents/Unreal Projects/LeapExamples 4.9/.git'
[2015.09.12-08.07.55:694][951]SourceControl:Error: Error Failed to enable Git source control. You need to initialize the project as a Git repository first.
[2015.09.12-08.08.02:753][359]LogSourceControl:Error: '../../../../../../Users/UNSC/Documents/Unreal Projects/LeapExamples 4.9/' is not part of a Git repository
[2015.09.12-08.08.02:775][359]LogSourceControl:Error: '../../../../../../Users/UNSC/Documents/Unreal Projects/LeapExamples 4.9/' is not part of a Git repository
[2015.09.12-08.08.02:796][359]LogSourceControl:Error: '../../../../../../Users/UNSC/Documents/Unreal Projects/LeapExamples 4.9/' is not part of a Git repository
[2015.09.12-08.08.02:819][359]LogSourceControl:Error: '../../../../../../Users/UNSC/Documents/Unreal Projects/LeapExamples 4.9/' is not part of a Git repository
[2015.09.12-08.08.02:840][359]LogSourceControl:Error: '../../../../../../Users/UNSC/Documents/Unreal Projects/LeapExamples 4.9/' is not part of a Git repository
[2015.09.12-08.08.02:862][359]LogSourceControl:Error: '../../../../../../Users/UNSC/Documents/Unreal Projects/LeapExamples 4.9/' is not part of a Git repository
[2015.09.12-08.08.02:883][359]LogSourceControl:Error: '../../../../../../Users/UNSC/Documents/Unreal Projects/LeapExamples 4.9/' is not part of a Git repository
[2015.09.12-08.08.49:472][ 79]SourceControl:Error: Error fatal: Not a git repository: 'D:/Users/UNSC/Documents/Unreal Projects/LeapExamples 4.9/.git'
[2015.09.12-08.08.49:472][ 79]SourceControl:Error: Error Failed to enable Git source control. You need to initialize the project as a Git repository first.
[2015.09.12-08.12.52:931][984]SourceControl: Info On branch master
[2015.09.12-08.12.52:931][984]SourceControl: Info